<?xml version="1.0" encoding="UTF-8"?>
<testng-results skipped="0" failed="0" ignored="0" total="1" passed="1">
  <reporter-output>
  </reporter-output>
  <suite name="Suite" duration-ms="9185" started-at="2019-09-27T08:14:05Z" finished-at="2019-09-27T08:14:14Z">
    <groups>
    </groups>
    <test name="Test" duration-ms="9185" started-at="2019-09-27T08:14:05Z" finished-at="2019-09-27T08:14:14Z">
      <class name="myclass">
        <test-method status="PASS" signature="test1()[pri:0, instance:myclass@3b81a1bc]" name="test1" duration-ms="9123" started-at="2019-09-27T08:14:05Z" finished-at="2019-09-27T08:14:14Z">
          <reporter-output>
          </reporter-output>
        </test-method> <!-- test1 -->
      </class> <!-- myclass -->
    </test> <!-- Test -->
  </suite> <!-- Suite -->
</testng-results>
